<?xml version="1.0" encoding="UTF-8"?>
<!-- Generated by org.testng.reporters.JUnitReportReporter -->
<testsuite hostname="Belal-PC" failures="0" tests="8" name="org.example.tests.LoginTest" time="47.807" errors="0" timestamp="2025-12-10T21:03:00 EET" skipped="0">
  <testcase classname="org.example.tests.LoginTest" name="testLoginWithDifferentUsers" time="5.276"/>
  <testcase classname="org.example.tests.LoginTest" name="testLoginWithDifferentUsers" time="4.398"/>
  <testcase classname="org.example.tests.LoginTest" name="testLoginWithDifferentUsers" time="5.553"/>
  <testcase classname="org.example.tests.LoginTest" name="testLoginWithDifferentUsers" time="4.690"/>
  <testcase classname="org.example.tests.LoginTest" name="testLoginWithDifferentUsers" time="4.195"/>
  <testcase classname="org.example.tests.LoginTest" name="testLoginWithDifferentUsers" time="11.225"/>
  <testcase classname="org.example.tests.LoginTest" name="testLoginWithDifferentUsers" time="6.970"/>
  <testcase classname="org.example.tests.LoginTest" name="testLogoutFunctionality" time="5.500"/>
</testsuite> <!-- org.example.tests.LoginTest -->
