<?xml version="1.0" encoding="UTF-8"?>
<!-- Generated by org.testng.reporters.JUnitReportReporter -->
<testsuite hostname="Belal-PC" failures="0" tests="4" name="org.example.tests.UITest" time="17.643" errors="0" timestamp="2025-12-10T21:03:00 EET" skipped="0">
  <testcase classname="org.example.tests.UITest" name="testImagesLoading" time="3.831"/>
  <testcase classname="org.example.tests.UITest" name="testResponsiveLayout" time="4.713"/>
  <testcase classname="org.example.tests.UITest" name="testButtonsVisibility" time="3.878"/>
  <testcase classname="org.example.tests.UITest" name="testMenuFunctionality" time="5.221"/>
</testsuite> <!-- org.example.tests.UITest -->
