<?xml version="1.0" encoding="UTF-8"?>
<!-- Generated by org.testng.reporters.JUnitReportReporter -->
<testsuite hostname="Belal-PC" failures="0" tests="4" name="org.example.tests.SortingTest" time="19.513" errors="0" timestamp="2025-12-10T21:03:00 EET" skipped="0">
  <testcase classname="org.example.tests.SortingTest" name="testSortPriceLowToHigh" time="5.064"/>
  <testcase classname="org.example.tests.SortingTest" name="testSortPriceHighToLow" time="5.782"/>
  <testcase classname="org.example.tests.SortingTest" name="testSortProductsAZ" time="4.282"/>
  <testcase classname="org.example.tests.SortingTest" name="testSortProductsZA" time="4.385"/>
</testsuite> <!-- org.example.tests.SortingTest -->
